<component name="libraryTable">
  <library name="Junit 4.11">
    <CLASSES>
      <root url="file:///Library/Java/JavaVirtualMachines/Junit 4.11" />
    </CLASSES>
    <JAVADOC />
    <SOURCES>
      <root url="file:///Library/Java/JavaVirtualMachines/Junit 4.11" />
    </SOURCES>
    <jarDirectory url="file:///Library/Java/JavaVirtualMachines/Junit 4.11" recursive="false" />
    <jarDirectory url="file:///Library/Java/JavaVirtualMachines/Junit 4.11" recursive="false" type="SOURCES" />
  </library>
</component>